#
# A fatal error has been detected by the Java Runtime Environment:
#
#  EXCEPTION_ACCESS_VIOLATION (0xc0000005) at pc=0x00007ffa302c0881, pid=17628, tid=18260
#
# JRE version: OpenJDK Runtime Environment (15.0+36) (build 15+36-1562)
# Java VM: OpenJDK 64-Bit Server VM (15+36-1562, mixed mode, tiered, compressed oops, g1 gc, windows-amd64)
# Problematic frame:
# V  [jvm.dll+0x2c0881]
#
# No core dump will be written. Minidumps are not enabled by default on client versions of Windows
#
# If you would like to submit a bug report, please visit:
#   https://bugreport.java.com/bugreport/crash.jsp
#

---------------  S U M M A R Y ------------

Command Line: -Dfile.encoding=UTF-8 -XX:+ShowCodeDetailsInExceptionMessages za.co.iherridge0.microservices.currencyexchangeservice.CurrencyExchangeServiceApplication

Host: Intel(R) Core(TM) i7-4790 CPU @ 3.60GHz, 8 cores, 15G,  Windows 10 , 64 bit Build 19041 (10.0.19041.662)
Time: Mon Dec 14 12:27:33 2020 South Africa Standard Time elapsed time: 373.206905 seconds (0d 0h 6m 13s)

---------------  T H R E A D  ---------------

Current thread (0x000001c6a0d51b40):  GCTaskThread "GC Thread#2" [stack: 0x0000008fed700000,0x0000008fed800000] [id=18260]

Stack: [0x0000008fed700000,0x0000008fed800000],  sp=0x0000008fed7ff780,  free space=1021k
Native frames: (J=compiled Java code, j=interpreted, Vv=VM code, C=native code)
V  [jvm.dll+0x2c0881]
V  [jvm.dll+0x2c298b]
V  [jvm.dll+0x2c2c40]
V  [jvm.dll+0x2c2b9e]
V  [jvm.dll+0x325624]
V  [jvm.dll+0x2c315e]
V  [jvm.dll+0x7ac800]
V  [jvm.dll+0x73c64a]
V  [jvm.dll+0x628d16]
C  [ucrtbase.dll+0x214c2]
C  [KERNEL32.DLL+0x17034]
C  [ntdll.dll+0x4d0d1]


siginfo: EXCEPTION_ACCESS_VIOLATION (0xc0000005), reading address 0x0000000000000018


Register to memory mapping:

RIP=0x00007ffa302c0881 jvm.dll
RAX=0x000001c6a4b9a120 points into unknown readable memory: 0x0000002000000002 | 02 00 00 00 20 00 00 00
RBX=0x000001c6a823b240 points into unknown readable memory: 0x0000000000000000 | 00 00 00 00 00 00 00 00
RCX=0x0 is NULL
RDX=0x0000000000000001 is an unknown value
RSP=0x0000008fed7ff780 points into unknown readable memory: 0x000001c6ffade7f0 | f0 e7 ad ff c6 01 00 00
RBP=0x000001c6ffb319b0 points into unknown readable memory: 0x00007ffa30883b58 | 58 3b 88 30 fa 7f 00 00
RSI=0xffffffffc0000005 is an unknown value
RDI=0x0000000702cd0818 is an oop: [Ljava.lang.Object; 
{0x0000000702cd0818} - klass: 'java/lang/Object'[]
 - length: -2147483643
R8 =0xffffffffc0000005 is an unknown value
R9 =0x1fffffffffffffff is an unknown value
R10=0x000001c6994e0000 points into unknown readable memory: 0x2484001220240101 | 01 01 24 20 12 00 84 24
R11=0x0 is NULL
R12=0x0 is NULL
R13=0x0 is NULL
R14=0x0000008fed7ff810 points into unknown readable memory: 0x000001c6a823b240 | 40 b2 23 a8 c6 01 00 00
R15=0x000001c6ffb1e100 points into unknown readable memory: 0x00007ffa308902a8 | a8 02 89 30 fa 7f 00 00


Registers:
RAX=0x000001c6a4b9a120, RBX=0x000001c6a823b240, RCX=0x0000000000000000, RDX=0x0000000000000001
RSP=0x0000008fed7ff780, RBP=0x000001c6ffb319b0, RSI=0xffffffffc0000005, RDI=0x0000000702cd0818
R8 =0xffffffffc0000005, R9 =0x1fffffffffffffff, R10=0x000001c6994e0000, R11=0x0000000000000000
R12=0x0000000000000000, R13=0x0000000000000000, R14=0x0000008fed7ff810, R15=0x000001c6ffb1e100
RIP=0x00007ffa302c0881, EFLAGS=0x0000000000010282

Top of Stack: (sp=0x0000008fed7ff780)
0x0000008fed7ff780:   000001c6ffade7f0 00007ffa30688bcd
0x0000008fed7ff790:   0000000000000000 00007ffa303269d4
0x0000008fed7ff7a0:   0000000702cd0818 00007ffa302c298b
0x0000008fed7ff7b0:   0000000701e00000 ffffffffc0000005
0x0000008fed7ff7c0:   0000000702e00000 00007ffa30322894
0x0000008fed7ff7d0:   0000008fed7ff930 00007ffa302c2c40
0x0000008fed7ff7e0:   000001c6ffb709b0 0000008fec8fec78
0x0000008fed7ff7f0:   000001c6ffb709b0 0000008fed7ff930
0x0000008fed7ff800:   0000008fed7ff930 00007ffa302c2b9e
0x0000008fed7ff810:   000001c6a823b240 000001c6ffb709b0
0x0000008fed7ff820:   000001c6ffb6c470 000001c6ffb6c470
0x0000008fed7ff830:   000000000000007a 000000000000ab5a
0x0000008fed7ff840:   0000008f00000003 0000000000000000
0x0000008fed7ff850:   0000008fec8fe938 00007ffa302bc7ee
0x0000008fed7ff860:   00000000000075a3 00007ffa30623aff
0x0000008fed7ff870:   0000008fed7ff900 0000008fed7ff950 

Instructions: (pc=0x00007ffa302c0881)
0x00007ffa302c0781:   53 48 83 ec 20 48 8b 59 18 48 85 db 74 37 48 83
0x00007ffa302c0791:   7b 08 01 75 23 48 8b 53 18 c7 03 00 00 00 00 48
0x00007ffa302c07a1:   85 d2 74 14 83 7b 04 00 48 8b cb e8 6f a2 f5 ff
0x00007ffa302c07b1:   48 c7 43 18 00 00 00 00 48 8b cb 48 83 c4 20 5b
0x00007ffa302c07c1:   e9 9a e1 dc ff 48 83 c4 20 5b c3 cc cc cc cc 48
0x00007ffa302c07d1:   89 5c 24 08 57 48 83 ec 20 48 8b 59 18 48 8b fa
0x00007ffa302c07e1:   8b 0b 3b 4b 04 75 0c 8b d1 48 8b cb e8 6e 34 de
0x00007ffa302c07f1:   ff 8b 0b 8d 41 01 48 63 c9 89 03 48 8b 43 18 48
0x00007ffa302c0801:   8b 5c 24 30 48 89 3c c8 48 83 c4 20 5f c3 cc 48
0x00007ffa302c0811:   63 51 28 48 8b 49 20 48 8b 41 18 48 8b 04 d0 c3
0x00007ffa302c0821:   cc cc cc cc cc cc cc cc cc cc cc cc cc cc cc 48
0x00007ffa302c0831:   89 5c 24 10 48 89 74 24 18 57 48 83 ec 20 48 8b
0x00007ffa302c0841:   fa 48 8b d9 48 8b 11 49 8b f0 48 8b 49 10 48 8b
0x00007ffa302c0851:   42 08 48 2b c1 48 c1 e8 03 4c 3b c0 76 4a 90 48
0x00007ffa302c0861:   89 4a 18 48 63 4b 28 48 8b d1 8d 41 01 89 43 28
0x00007ffa302c0871:   48 8b 43 20 48 8b 48 18 48 8b 4c d1 08 48 89 0b
0x00007ffa302c0881:   48 8b 41 18 48 89 43 10 e8 22 26 06 00 48 89 43
0x00007ffa302c0891:   08 48 8b 13 48 8b 4b 10 48 8b 42 08 48 2b c1 48
0x00007ffa302c08a1:   c1 e8 03 48 3b f0 77 b7 48 3b f9 74 09 48 83 c9
0x00007ffa302c08b1:   03 48 89 0f eb 49 48 8b 07 80 3d 40 07 7c 00 00
0x00007ffa302c08c1:   74 0b 0f b6 c8 80 e1 07 80 f9 05 74 32 48 83 e0
0x00007ffa302c08d1:   fc 74 2c 80 3d c6 06 7c 00 00 74 15 8b 47 08 8b
0x00007ffa302c08e1:   0d 3a 91 73 00 48 d3 e0 48 03 05 28 91 73 00 eb
0x00007ffa302c08f1:   04 48 8b 47 08 48 8b 80 b8 00 00 00 48 89 07 48
0x00007ffa302c0901:   8b 53 10 4c 8d 04 f2 4c 89 43 10 4c 3b 43 08 76
0x00007ffa302c0911:   0c 48 8b 0b e8 96 1f 06 00 48 89 43 08 48 8b 5c
0x00007ffa302c0921:   24 38 48 8b 74 24 40 48 83 c4 20 5f c3 cc cc 48
0x00007ffa302c0931:   8b 41 18 83 38 00 0f 95 c0 c3 cc cc cc cc cc 40
0x00007ffa302c0941:   53 48 83 ec 20 48 89 11 48 8b d9 48 8b 42 18 48
0x00007ffa302c0951:   89 41 10 45 84 c0 74 0c 48 8b ca e8 4f 25 06 00
0x00007ffa302c0961:   48 89 43 08 48 83 c4 20 5b c3 cc cc cc cc cc 48
0x00007ffa302c0971:   83 39 00 0f 95 c0 c3 cc cc cc cc cc cc cc cc 48 


Stack slot to memory mapping:
stack at sp + 0 slots: 0x000001c6ffade7f0 points into unknown readable memory: 0x00007ffa30881c58 | 58 1c 88 30 fa 7f 00 00
stack at sp + 1 slots: 0x00007ffa30688bcd jvm.dll
stack at sp + 2 slots: 0x0 is NULL
stack at sp + 3 slots: 0x00007ffa303269d4 jvm.dll
stack at sp + 4 slots: 0x0000000702cd0818 is an oop: [Ljava.lang.Object; 
{0x0000000702cd0818} - klass: 'java/lang/Object'[]
 - length: -2147483643
stack at sp + 5 slots: 0x00007ffa302c298b jvm.dll
stack at sp + 6 slots: 0x0000000701e00000 is an oop: java.util.zip.Inflater 
{0x0000000701e00000} - klass: 'java/util/zip/Inflater'
stack at sp + 7 slots: 0xffffffffc0000005 is an unknown value


---------------  P R O C E S S  ---------------

Threads class SMR info:
_java_thread_list=0x000001c6a37aac10, length=13, elements={
0x000001c6a067c010, 0x000001c6a067d070, 0x000001c6a066a300, 0x000001c6a06a53d0,
0x000001c6a06a6530, 0x000001c6a06957d0, 0x000001c6a0698930, 0x000001c6a06bd330,
0x000001c6a08184b0, 0x000001c6a0822980, 0x000001c6a1c75ee0, 0x000001c6a7eac1d0,
0x000001c6a1c75070
}

Java Threads: ( => current thread )
  0x000001c6a067c010 JavaThread "Reference Handler" daemon [_thread_blocked, id=9240, stack(0x0000008fec900000,0x0000008feca00000)]
  0x000001c6a067d070 JavaThread "Finalizer" daemon [_thread_blocked, id=6044, stack(0x0000008feca00000,0x0000008fecb00000)]
  0x000001c6a066a300 JavaThread "Signal Dispatcher" daemon [_thread_blocked, id=16664, stack(0x0000008fecb00000,0x0000008fecc00000)]
  0x000001c6a06a53d0 JavaThread "Attach Listener" daemon [_thread_blocked, id=5496, stack(0x0000008fecc00000,0x0000008fecd00000)]
  0x000001c6a06a6530 JavaThread "Service Thread" daemon [_thread_blocked, id=12700, stack(0x0000008fecd00000,0x0000008fece00000)]
  0x000001c6a06957d0 JavaThread "C2 CompilerThread0" daemon [_thread_blocked, id=16212, stack(0x0000008fece00000,0x0000008fecf00000)]
  0x000001c6a0698930 JavaThread "C1 CompilerThread0" daemon [_thread_blocked, id=4612, stack(0x0000008fecf00000,0x0000008fed000000)]
  0x000001c6a06bd330 JavaThread "Sweeper thread" daemon [_thread_blocked, id=17016, stack(0x0000008fed000000,0x0000008fed100000)]
  0x000001c6a08184b0 JavaThread "Notification Thread" daemon [_thread_blocked, id=15788, stack(0x0000008fed100000,0x0000008fed200000)]
  0x000001c6a0822980 JavaThread "Common-Cleaner" daemon [_thread_blocked, id=10116, stack(0x0000008fed300000,0x0000008fed400000)]
  0x000001c6a1c75ee0 JavaThread "Live Reload Server" daemon [_thread_in_native, id=17924, stack(0x0000008fee700000,0x0000008fee800000)]
  0x000001c6a7eac1d0 JavaThread "DestroyJavaVM" [_thread_blocked, id=8708, stack(0x0000008fec200000,0x0000008fec300000)]
  0x000001c6a1c75070 JavaThread "Thread-36" [_thread_blocked, id=10428, stack(0x0000008febf00000,0x0000008fec000000)]

Other Threads:
  0x000001c69fdfa150 VMThread "VM Thread" [stack: 0x0000008fec800000,0x0000008fec900000] [id=10936]
  0x000001c6a0829830 WatcherThread [stack: 0x0000008fed200000,0x0000008fed300000] [id=3436]
  0x000001c6ffb301e0 GCTaskThread "GC Thread#0" [stack: 0x0000008fec300000,0x0000008fec400000] [id=10884]
  0x000001c6a0d4fb60 GCTaskThread "GC Thread#1" [stack: 0x0000008fed600000,0x0000008fed700000] [id=17812]
=>0x000001c6a0d51b40 GCTaskThread "GC Thread#2" [stack: 0x0000008fed700000,0x0000008fed800000] [id=18260]
  0x000001c6a0d4fe90 GCTaskThread "GC Thread#3" [stack: 0x0000008fed800000,0x0000008fed900000] [id=9136]
  0x000001c6a0d501c0 GCTaskThread "GC Thread#4" [stack: 0x0000008fed900000,0x0000008feda00000] [id=16108]
  0x000001c6a0d4eea0 GCTaskThread "GC Thread#5" [stack: 0x0000008feda00000,0x0000008fedb00000] [id=17512]
  0x000001c6a0d4f830 GCTaskThread "GC Thread#6" [stack: 0x0000008fede00000,0x0000008fedf00000] [id=16096]
  0x000001c6a0d4f1d0 GCTaskThread "GC Thread#7" [stack: 0x0000008fedf00000,0x0000008fee000000] [id=10600]
  0x000001c6ffb43890 ConcurrentGCThread "G1 Main Marker" [stack: 0x0000008fec400000,0x0000008fec500000] [id=11572]
  0x000001c6ffb44390 ConcurrentGCThread "G1 Conc#0" [stack: 0x0000008fec500000,0x0000008fec600000] [id=10048]
  0x000001c6a0d504f0 ConcurrentGCThread "G1 Conc#1" [stack: 0x0000008fee000000,0x0000008fee100000] [id=8840]
  0x000001c6ffbad730 ConcurrentGCThread "G1 Refine#0" [stack: 0x0000008fec600000,0x0000008fec700000] [id=1916]
  0x000001c6a4f35dd0 ConcurrentGCThread "G1 Refine#1" [stack: 0x0000008fee200000,0x0000008fee300000] [id=11160]
  0x000001c69fc6e120 ConcurrentGCThread "G1 Young RemSet Sampling" [stack: 0x0000008fec700000,0x0000008fec800000] [id=17848]

Threads with active compile tasks:
C1 CompilerThread0   373250 8908       3       java.lang.invoke.VarHandleGuards::guard_LII_Z (80 bytes)

VM state: at safepoint (normal execution)

VM Mutex/Monitor currently owned by a thread:  ([mutex/lock_event])
[0x000001c6ffadbe50] Threads_lock - owner thread: 0x000001c69fdfa150
[0x000001c6ffadba60] Heap_lock - owner thread: 0x000001c6a1c75070

Heap address: 0x0000000701e00000, size: 4066 MB, Compressed Oops mode: Zero based, Oop shift amount: 3
CDS disabled.
Compressed class space mapped at: 0x0000000800000000-0x0000000840000000, size: 1073741824
Narrow klass base: 0x0000000800000000, Narrow klass shift: 0, Narrow klass range: 0x40000000

GC Precious Log:
 CPUs: 8 total, 8 available
 Memory: 16256M
 Large Page Support: Disabled
 NUMA Support: Disabled
 Compressed Oops: Enabled (Zero based)
 Heap Region Size: 2M
 Heap Min Capacity: 8M
 Heap Initial Capacity: 256M
 Heap Max Capacity: 4066M
 Pre-touch: Disabled
 Parallel Workers: 8
 Concurrent Workers: 2
 Concurrent Refinement Workers: 8
 Periodic GC: Disabled

Heap:
 garbage-first heap   total 96256K, used 61127K [0x0000000701e00000, 0x0000000800000000)
  region size 2048K, 14 young (28672K), 2 survivors (4096K)
 Metaspace       used 70332K, capacity 71234K, committed 71424K, reserved 1112064K
  class space    used 8428K, capacity 8686K, committed 8704K, reserved 1048576K

Heap Regions: E=young(eden), S=young(survivor), O=old, HS=humongous(starts), HC=humongous(continues), CS=collection set, F=free, OA=open archive, CA=closed archive, TAMS=top-at-mark-start (previous, next)
|   0|0x0000000701e00000, 0x0000000701ffffd8, 0x0000000702000000| 99%| O|  |TAMS 0x0000000701e00000, 0x0000000701e00000| Untracked 
|   1|0x0000000702000000, 0x00000007021ffff0, 0x0000000702200000| 99%| O|  |TAMS 0x0000000702000000, 0x0000000702000000| Untracked 
|   2|0x0000000702200000, 0x00000007023ffff8, 0x0000000702400000| 99%| O|  |TAMS 0x0000000702200000, 0x0000000702200000| Untracked 
|   3|0x0000000702400000, 0x0000000702600000, 0x0000000702600000|100%| O|  |TAMS 0x0000000702400000, 0x0000000702400000| Untracked 
|   4|0x0000000702600000, 0x00000007027fffe0, 0x0000000702800000| 99%| O|  |TAMS 0x0000000702600000, 0x0000000702600000| Untracked 
|   5|0x0000000702800000, 0x00000007029fff78, 0x0000000702a00000| 99%| O|  |TAMS 0x0000000702800000, 0x0000000702800000| Untracked 
|   6|0x0000000702a00000, 0x0000000702bfffd8, 0x0000000702c00000| 99%| O|  |TAMS 0x0000000702a00000, 0x0000000702a00000| Untracked 
|   7|0x0000000702c00000, 0x0000000702e00000, 0x0000000702e00000|100%| O|  |TAMS 0x0000000702c00000, 0x0000000702c00000| Untracked 
|   8|0x0000000702e00000, 0x0000000702ffffd0, 0x0000000703000000| 99%| O|  |TAMS 0x0000000702e00000, 0x0000000702e00000| Untracked 
|   9|0x0000000703000000, 0x00000007031ffff8, 0x0000000703200000| 99%| O|  |TAMS 0x0000000703000000, 0x0000000703000000| Untracked 
|  10|0x0000000703200000, 0x00000007033ffff0, 0x0000000703400000| 99%| O|  |TAMS 0x0000000703200000, 0x0000000703200000| Untracked 
|  11|0x0000000703400000, 0x00000007035ffff8, 0x0000000703600000| 99%| O|  |TAMS 0x0000000703400000, 0x0000000703400000| Untracked 
|  12|0x0000000703600000, 0x00000007037e4a28, 0x0000000703800000| 94%| O|  |TAMS 0x0000000703600000, 0x0000000703600000| Untracked 
|  13|0x0000000703800000, 0x00000007039ffff0, 0x0000000703a00000| 99%| O|  |TAMS 0x0000000703800000, 0x0000000703800000| Untracked 
|  14|0x0000000703a00000, 0x0000000703b024f8, 0x0000000703c00000| 50%| O|  |TAMS 0x0000000703a00000, 0x0000000703a00000| Untracked 
|  15|0x0000000703c00000, 0x0000000703cc6898, 0x0000000703e00000| 38%| O|  |TAMS 0x0000000703c00000, 0x0000000703c00000| Untracked 
|  16|0x0000000703e00000, 0x0000000704000000, 0x0000000704000000|100%| O|  |TAMS 0x0000000703e00000, 0x0000000703e00000| Untracked 
|  17|0x0000000704000000, 0x0000000704106c00, 0x0000000704200000| 51%| O|  |TAMS 0x0000000704000000, 0x0000000704000000| Untracked 
|  18|0x0000000704200000, 0x0000000704200000, 0x0000000704400000|  0%| F|  |TAMS 0x0000000704200000, 0x0000000704200000| Untracked 
|  19|0x0000000704400000, 0x0000000704400000, 0x0000000704600000|  0%| F|  |TAMS 0x0000000704400000, 0x0000000704400000| Untracked 
|  20|0x0000000704600000, 0x0000000704600000, 0x0000000704800000|  0%| F|  |TAMS 0x0000000704600000, 0x0000000704600000| Untracked 
|  21|0x0000000704800000, 0x0000000704800000, 0x0000000704a00000|  0%| F|  |TAMS 0x0000000704800000, 0x0000000704800000| Untracked 
|  22|0x0000000704a00000, 0x0000000704a00000, 0x0000000704c00000|  0%| F|  |TAMS 0x0000000704a00000, 0x0000000704a00000| Untracked 
|  23|0x0000000704c00000, 0x0000000704c00000, 0x0000000704e00000|  0%| F|  |TAMS 0x0000000704c00000, 0x0000000704c00000| Untracked 
|  24|0x0000000704e00000, 0x0000000704e9c6e0, 0x0000000705000000| 30%| S|  |TAMS 0x0000000704e00000, 0x0000000704e00000| Untracked 
|  25|0x0000000705000000, 0x00000007050efe58, 0x0000000705200000| 46%| O|  |TAMS 0x0000000705000000, 0x0000000705000000| Untracked 
|  26|0x0000000705200000, 0x0000000705400000, 0x0000000705400000|100%| S|  |TAMS 0x0000000705200000, 0x0000000705200000| Untracked 
|  27|0x0000000705400000, 0x0000000705400000, 0x0000000705600000|  0%| F|  |TAMS 0x0000000705400000, 0x0000000705400000| Untracked 
|  28|0x0000000705600000, 0x0000000705600000, 0x0000000705800000|  0%| F|  |TAMS 0x0000000705600000, 0x0000000705600000| Untracked 
|  29|0x0000000705800000, 0x0000000705800000, 0x0000000705a00000|  0%| F|  |TAMS 0x0000000705800000, 0x0000000705800000| Untracked 
|  30|0x0000000705a00000, 0x0000000705a00000, 0x0000000705c00000|  0%| F|  |TAMS 0x0000000705a00000, 0x0000000705a00000| Untracked 
|  31|0x0000000705c00000, 0x0000000705c00000, 0x0000000705e00000|  0%| F|  |TAMS 0x0000000705c00000, 0x0000000705c00000| Untracked 
|  32|0x0000000705e00000, 0x0000000705e00000, 0x0000000706000000|  0%| F|  |TAMS 0x0000000705e00000, 0x0000000705e00000| Untracked 
|  33|0x0000000706000000, 0x0000000706000000, 0x0000000706200000|  0%| F|  |TAMS 0x0000000706000000, 0x0000000706000000| Untracked 
|  34|0x0000000706200000, 0x0000000706200000, 0x0000000706400000|  0%| F|  |TAMS 0x0000000706200000, 0x0000000706200000| Untracked 
|  35|0x0000000706400000, 0x00000007065715d8, 0x0000000706600000| 72%| E|  |TAMS 0x0000000706400000, 0x0000000706400000| Untracked 
|  36|0x0000000706600000, 0x0000000706800000, 0x0000000706800000|100%| E|  |TAMS 0x0000000706600000, 0x0000000706600000| Untracked 
|  37|0x0000000706800000, 0x0000000706a00000, 0x0000000706a00000|100%| E|  |TAMS 0x0000000706800000, 0x0000000706800000| Untracked 
|  38|0x0000000706a00000, 0x0000000706c00000, 0x0000000706c00000|100%| E|  |TAMS 0x0000000706a00000, 0x0000000706a00000| Untracked 
|  39|0x0000000706c00000, 0x0000000706e00000, 0x0000000706e00000|100%| E|  |TAMS 0x0000000706c00000, 0x0000000706c00000| Untracked 
|  40|0x0000000706e00000, 0x0000000707000000, 0x0000000707000000|100%| E|  |TAMS 0x0000000706e00000, 0x0000000706e00000| Untracked 
|  41|0x0000000707000000, 0x0000000707200000, 0x0000000707200000|100%| E|  |TAMS 0x0000000707000000, 0x0000000707000000| Untracked 
|  42|0x0000000707200000, 0x0000000707400000, 0x0000000707400000|100%| E|  |TAMS 0x0000000707200000, 0x0000000707200000| Untracked 
|  43|0x0000000707400000, 0x0000000707600000, 0x0000000707600000|100%| E|  |TAMS 0x0000000707400000, 0x0000000707400000| Untracked 
|  44|0x0000000707600000, 0x0000000707800000, 0x0000000707800000|100%| E|  |TAMS 0x0000000707600000, 0x0000000707600000| Untracked 
|  45|0x0000000707800000, 0x0000000707a00000, 0x0000000707a00000|100%| E|  |TAMS 0x0000000707800000, 0x0000000707800000| Untracked 
|  46|0x0000000707a00000, 0x0000000707c00000, 0x0000000707c00000|100%| E|  |TAMS 0x0000000707a00000, 0x0000000707a00000| Untracked 

Card table byte_map: [0x000001c694550000,0x000001c694d50000] _byte_map_base: 0x000001c690d41000

Marking Bits (Prev, Next): (CMBitMap*) 0x000001c6ffb31970, (CMBitMap*) 0x000001c6ffb319b0
 Prev Bits: [0x000001c695550000, 0x000001c6994d8000)
 Next Bits: [0x000001c6994e0000, 0x000001c69d468000)

Polling page: 0x000001c6ff2b0000

Metaspace:

Usage:
  Non-class:     61.08 MB capacity,    60.45 MB ( 99%) used,   546.24 KB ( <1%) free+waste,    98.50 KB ( <1%) overhead. 
      Class:      8.48 MB capacity,     8.23 MB ( 97%) used,   220.63 KB (  3%) free+waste,    36.38 KB ( <1%) overhead. 
       Both:     69.56 MB capacity,    68.68 MB ( 99%) used,   766.88 KB (  1%) free+waste,   134.88 KB ( <1%) overhead. 

Virtual space:
  Non-class space:       62.00 MB reserved,      61.25 MB ( 99%) committed 
      Class space:        1.00 GB reserved,       8.50 MB ( <1%) committed 
             Both:        1.06 GB reserved,      69.75 MB (  6%) committed 

Chunk freelists:
   Non-Class:  44.00 KB
       Class:  18.00 KB
        Both:  62.00 KB

MaxMetaspaceSize: 17179869184.00 GB
CompressedClassSpaceSize: 1.00 GB

CodeHeap 'non-profiled nmethods': size=120000Kb used=6658Kb max_used=6658Kb free=113342Kb
 bounds [0x000001c68c820000, 0x000001c68ceb0000, 0x000001c693d50000]
CodeHeap 'profiled nmethods': size=120000Kb used=14501Kb max_used=14501Kb free=105498Kb
 bounds [0x000001c6852f0000, 0x000001c686120000, 0x000001c68c820000]
CodeHeap 'non-nmethods': size=5760Kb used=1316Kb max_used=1426Kb free=4443Kb
 bounds [0x000001c684d50000, 0x000001c684fc0000, 0x000001c6852f0000]
 total_blobs=8025 nmethods=7416 adapters=521
 compilation: enabled
              stopped_count=0, restarted_count=0
 full_count=0

Compilation events (20 events):
Event: 372.396 Thread 0x000001c6a0698930 nmethod 8896 0x000001c685598090 code [0x000001c685598220, 0x000001c685598318]
Event: 372.872 Thread 0x000001c6a06957d0 8897       4       org.springframework.core.ResolvableType::isAssignableFrom (7 bytes)
Event: 372.873 Thread 0x000001c6a06957d0 nmethod 8897 0x000001c68ce9f610 code [0x000001c68ce9f7a0, 0x000001c68ce9f828]
Event: 372.874 Thread 0x000001c6a06957d0 8898       4       java.lang.Enum::equals (11 bytes)
Event: 372.875 Thread 0x000001c6a06957d0 nmethod 8898 0x000001c68ce9f910 code [0x000001c68ce9fa80, 0x000001c68ce9faf8]
Event: 372.911 Thread 0x000001c6a0698930 8899       1       java.net.InetSocketAddress$InetSocketAddressHolder::getPort (5 bytes)
Event: 372.911 Thread 0x000001c6a0698930 nmethod 8899 0x000001c68ce9fc10 code [0x000001c68ce9fda0, 0x000001c68ce9fe58]
Event: 372.920 Thread 0x000001c6a0698930 8900       1       org.apache.catalina.core.StandardContext::getInstanceManager (5 bytes)
Event: 372.920 Thread 0x000001c6a0698930 nmethod 8900 0x000001c68ce9ff10 code [0x000001c68cea00a0, 0x000001c68cea0158]
Event: 372.920 Thread 0x000001c6a0698930 8901       3       org.apache.tomcat.util.collections.ManagedConcurrentWeakHashMap::get (21 bytes)
Event: 372.921 Thread 0x000001c6a0698930 nmethod 8901 0x000001c686118a90 code [0x000001c686118c80, 0x000001c686119168]
Event: 372.921 Thread 0x000001c6a0698930 8902       3       org.apache.tomcat.util.collections.ManagedConcurrentWeakHashMap::createLookupKey (10 bytes)
Event: 372.921 Thread 0x000001c6a0698930 nmethod 8902 0x000001c686119390 code [0x000001c686119560, 0x000001c686119a28]
Event: 372.926 Thread 0x000001c6a06957d0 8903       4       jdk.internal.misc.Unsafe::putIntOpaque (9 bytes)
Event: 372.926 Thread 0x000001c6a06957d0 nmethod 8903 0x000001c68cea0210 code [0x000001c68cea0380, 0x000001c68cea03f8]
Event: 372.929 Thread 0x000001c6a0698930 8904   !   3       org.springframework.beans.factory.support.DefaultSingletonBeanRegistry::removeSingleton (62 bytes)
Event: 372.929 Thread 0x000001c6a0698930 nmethod 8904 0x000001c686119c10 code [0x000001c686119e00, 0x000001c68611a358]
Event: 373.145 Thread 0x000001c6a0698930 8905   !   3       org.h2.engine.Session::commit (171 bytes)
Event: 373.148 Thread 0x000001c6a0698930 nmethod 8905 0x000001c68611a610 code [0x000001c68611a8e0, 0x000001c68611b788]
Event: 373.148 Thread 0x000001c6a0698930 8908       3       java.lang.invoke.VarHandleGuards::guard_LII_Z (80 bytes)

GC Heap History (20 events):
Event: 100.653 GC heap after
{Heap after GC invocations=34 (full 2):
 garbage-first heap   total 96256K, used 29607K [0x0000000701e00000, 0x0000000800000000)
  region size 2048K, 2 young (4096K), 2 survivors (4096K)
 Metaspace       used 66897K, capacity 67484K, committed 67712K, reserved 1107968K
  class space    used 8068K, capacity 8240K, committed 8320K, reserved 1048576K
}
Event: 100.668 GC heap before
{Heap before GC invocations=34 (full 2):
 garbage-first heap   total 96256K, used 70567K [0x0000000701e00000, 0x0000000800000000)
  region size 2048K, 23 young (47104K), 2 survivors (4096K)
 Metaspace       used 66901K, capacity 67484K, committed 67712K, reserved 1107968K
  class space    used 8068K, capacity 8240K, committed 8320K, reserved 1048576K
}
Event: 100.670 GC heap after
{Heap after GC invocations=35 (full 2):
 garbage-first heap   total 96256K, used 29722K [0x0000000701e00000, 0x0000000800000000)
  region size 2048K, 1 young (2048K), 1 survivors (2048K)
 Metaspace       used 66901K, capacity 67484K, committed 67712K, reserved 1107968K
  class space    used 8068K, capacity 8240K, committed 8320K, reserved 1048576K
}
Event: 104.553 GC heap before
{Heap before GC invocations=35 (full 2):
 garbage-first heap   total 96256K, used 70682K [0x0000000701e00000, 0x0000000800000000)
  region size 2048K, 22 young (45056K), 1 survivors (2048K)
 Metaspace       used 67157K, capacity 67820K, committed 67968K, reserved 1110016K
  class space    used 8071K, capacity 8245K, committed 8320K, reserved 1048576K
}
Event: 104.556 GC heap after
{Heap after GC invocations=36 (full 2):
 garbage-first heap   total 96256K, used 32803K [0x0000000701e00000, 0x0000000800000000)
  region size 2048K, 2 young (4096K), 2 survivors (4096K)
 Metaspace       used 67157K, capacity 67820K, committed 67968K, reserved 1110016K
  class space    used 8071K, capacity 8245K, committed 8320K, reserved 1048576K
}
Event: 255.469 GC heap before
{Heap before GC invocations=36 (full 2):
 garbage-first heap   total 96256K, used 36899K [0x0000000701e00000, 0x0000000800000000)
  region size 2048K, 5 young (10240K), 2 survivors (4096K)
 Metaspace       used 67293K, capacity 67954K, committed 68224K, reserved 1110016K
  class space    used 8072K, capacity 8247K, committed 8320K, reserved 1048576K
}
Event: 255.514 GC heap after
{Heap after GC invocations=37 (full 3):
 garbage-first heap   total 96256K, used 28824K [0x0000000701e00000, 0x0000000800000000)
  region size 2048K, 0 young (0K), 0 survivors (0K)
 Metaspace       used 67293K, capacity 67954K, committed 68224K, reserved 1110016K
  class space    used 8072K, capacity 8247K, committed 8320K, reserved 1048576K
}
Event: 260.484 GC heap before
{Heap before GC invocations=37 (full 3):
 garbage-first heap   total 96256K, used 75928K [0x0000000701e00000, 0x0000000800000000)
  region size 2048K, 23 young (47104K), 0 survivors (0K)
 Metaspace       used 67421K, capacity 68078K, committed 68224K, reserved 1110016K
  class space    used 8080K, capacity 8262K, committed 8320K, reserved 1048576K
}
Event: 260.488 GC heap after
{Heap after GC invocations=38 (full 3):
 garbage-first heap   total 96256K, used 31993K [0x0000000701e00000, 0x0000000800000000)
  region size 2048K, 2 young (4096K), 2 survivors (4096K)
 Metaspace       used 67421K, capacity 68078K, committed 68224K, reserved 1110016K
  class space    used 8080K, capacity 8262K, committed 8320K, reserved 1048576K
}
Event: 260.503 GC heap before
{Heap before GC invocations=38 (full 3):
 garbage-first heap   total 96256K, used 72953K [0x0000000701e00000, 0x0000000800000000)
  region size 2048K, 23 young (47104K), 2 survivors (4096K)
 Metaspace       used 67422K, capacity 68078K, committed 68224K, reserved 1110016K
  class space    used 8080K, capacity 8262K, committed 8320K, reserved 1048576K
}
Event: 260.506 GC heap after
{Heap after GC invocations=39 (full 3):
 garbage-first heap   total 96256K, used 32191K [0x0000000701e00000, 0x0000000800000000)
  region size 2048K, 2 young (4096K), 2 survivors (4096K)
 Metaspace       used 67422K, capacity 68078K, committed 68224K, reserved 1110016K
  class space    used 8080K, capacity 8262K, committed 8320K, reserved 1048576K
}
Event: 297.367 GC heap before
{Heap before GC invocations=39 (full 3):
 garbage-first heap   total 96256K, used 69055K [0x0000000701e00000, 0x0000000800000000)
  region size 2048K, 22 young (45056K), 2 survivors (4096K)
 Metaspace       used 67663K, capacity 68433K, committed 68480K, reserved 1110016K
  class space    used 8094K, capacity 8286K, committed 8320K, reserved 1048576K
}
Event: 297.418 GC heap after
{Heap after GC invocations=40 (full 4):
 garbage-first heap   total 96256K, used 31349K [0x0000000701e00000, 0x0000000800000000)
  region size 2048K, 0 young (0K), 0 survivors (0K)
 Metaspace       used 67663K, capacity 68433K, committed 68480K, reserved 1110016K
  class space    used 8094K, capacity 8286K, committed 8320K, reserved 1048576K
}
Event: 302.246 GC heap before
{Heap before GC invocations=40 (full 4):
 garbage-first heap   total 96256K, used 76405K [0x0000000701e00000, 0x0000000800000000)
  region size 2048K, 22 young (45056K), 0 survivors (0K)
 Metaspace       used 68112K, capacity 69000K, committed 69120K, reserved 1110016K
  class space    used 8161K, capacity 8387K, committed 8448K, reserved 1048576K
}
Event: 302.249 GC heap after
{Heap after GC invocations=41 (full 4):
 garbage-first heap   total 96256K, used 34625K [0x0000000701e00000, 0x0000000800000000)
  region size 2048K, 2 young (4096K), 2 survivors (4096K)
 Metaspace       used 68112K, capacity 69000K, committed 69120K, reserved 1110016K
  class space    used 8161K, capacity 8387K, committed 8448K, reserved 1048576K
}
Event: 302.280 GC heap before
{Heap before GC invocations=41 (full 4):
 garbage-first heap   total 96256K, used 71489K [0x0000000701e00000, 0x0000000800000000)
  region size 2048K, 21 young (43008K), 2 survivors (4096K)
 Metaspace       used 68115K, capacity 69000K, committed 69120K, reserved 1110016K
  class space    used 8161K, capacity 8387K, committed 8448K, reserved 1048576K
}
Event: 302.282 GC heap after
{Heap after GC invocations=42 (full 4):
 garbage-first heap   total 96256K, used 35064K [0x0000000701e00000, 0x0000000800000000)
  region size 2048K, 1 young (2048K), 1 survivors (2048K)
 Metaspace       used 68115K, capacity 69000K, committed 69120K, reserved 1110016K
  class space    used 8161K, capacity 8387K, committed 8448K, reserved 1048576K
}
Event: 302.555 GC heap before
{Heap before GC invocations=42 (full 4):
 garbage-first heap   total 96256K, used 71928K [0x0000000701e00000, 0x0000000800000000)
  region size 2048K, 20 young (40960K), 1 survivors (2048K)
 Metaspace       used 68292K, capacity 69140K, committed 69376K, reserved 1110016K
  class space    used 8168K, capacity 8392K, committed 8448K, reserved 1048576K
}
Event: 302.557 GC heap after
{Heap after GC invocations=43 (full 4):
 garbage-first heap   total 96256K, used 37121K [0x0000000701e00000, 0x0000000800000000)
  region size 2048K, 2 young (4096K), 2 survivors (4096K)
 Metaspace       used 68292K, capacity 69140K, committed 69376K, reserved 1110016K
  class space    used 8168K, capacity 8392K, committed 8448K, reserved 1048576K
}
Event: 373.151 GC heap before
{Heap before GC invocations=43 (full 4):
 garbage-first heap   total 96256K, used 59649K [0x0000000701e00000, 0x0000000800000000)
  region size 2048K, 14 young (28672K), 2 survivors (4096K)
 Metaspace       used 70332K, capacity 71234K, committed 71424K, reserved 1112064K
  class space    used 8428K, capacity 8686K, committed 8704K, reserved 1048576K
}

Deoptimization events (20 events):
Event: 302.660 Thread 0x000001c6a7ead040 DEOPT PACKING pc=0x000001c68cd7f8d8 sp=0x0000008fec1fcc60
Event: 302.660 Thread 0x000001c6a7ead040 DEOPT UNPACKING pc=0x000001c684d9e42f sp=0x0000008fec1fcc38 mode 2
Event: 302.673 Thread 0x000001c6a7ead040 DEOPT PACKING pc=0x000001c685514ea0 sp=0x0000008fec1fbcf0
Event: 302.673 Thread 0x000001c6a7ead040 DEOPT UNPACKING pc=0x000001c684d9e23f sp=0x0000008fec1fb160 mode 0
Event: 303.918 Thread 0x000001c6a7ead040 DEOPT PACKING pc=0x000001c685607348 sp=0x0000008fec1fc3c0
Event: 303.918 Thread 0x000001c6a7ead040 DEOPT UNPACKING pc=0x000001c684d9e23f sp=0x0000008fec1fb860 mode 0
Event: 303.934 Thread 0x000001c6a7ead040 DEOPT PACKING pc=0x000001c685606148 sp=0x0000008fec1fd8c0
Event: 303.934 Thread 0x000001c6a7ead040 DEOPT UNPACKING pc=0x000001c684d9e23f sp=0x0000008fec1fcd60 mode 0
Event: 303.945 Thread 0x000001c6a7ead040 Uncommon trap: trap_request=0xffffffc6 fr.pc=0x000001c68cc3fb44 relative=0x0000000000002b44
Event: 303.945 Thread 0x000001c6a7ead040 Uncommon trap: reason=bimorphic_or_optimized_type_check action=maybe_recompile pc=0x000001c68cc3fb44 method=org.springframework.beans.factory.support.AbstractBeanFactory.isSingleton(Ljava/lang/String;)Z @ 35 c2
Event: 303.945 Thread 0x000001c6a7ead040 DEOPT PACKING pc=0x000001c68cc3fb44 sp=0x0000008fec1fde70
Event: 303.945 Thread 0x000001c6a7ead040 DEOPT UNPACKING pc=0x000001c684d9e42f sp=0x0000008fec1fdd70 mode 2
Event: 305.141 Thread 0x000001c6a7ead040 Uncommon trap: trap_request=0xffffffde fr.pc=0x000001c68ce7c8e0 relative=0x0000000000000620
Event: 305.141 Thread 0x000001c6a7ead040 Uncommon trap: reason=class_check action=maybe_recompile pc=0x000001c68ce7c8e0 method=org.springframework.util.ConcurrentReferenceHashMap$ReferenceManager.pollForPurge()Lorg/springframework/util/ConcurrentReferenceHashMap$Reference; @ 7 c2
Event: 305.141 Thread 0x000001c6a7ead040 DEOPT PACKING pc=0x000001c68ce7c8e0 sp=0x0000008fec1fddc0
Event: 305.141 Thread 0x000001c6a7ead040 DEOPT UNPACKING pc=0x000001c684d9e42f sp=0x0000008fec1fdd18 mode 2
Event: 372.873 Thread 0x000001c6a1c75070 Uncommon trap: trap_request=0xffffffc6 fr.pc=0x000001c68cc3fb44 relative=0x0000000000002b44
Event: 372.873 Thread 0x000001c6a1c75070 Uncommon trap: reason=bimorphic_or_optimized_type_check action=maybe_recompile pc=0x000001c68cc3fb44 method=org.springframework.beans.factory.support.AbstractBeanFactory.isSingleton(Ljava/lang/String;)Z @ 35 c2
Event: 372.873 Thread 0x000001c6a1c75070 DEOPT PACKING pc=0x000001c68cc3fb44 sp=0x0000008febffe4d0
Event: 372.873 Thread 0x000001c6a1c75070 DEOPT UNPACKING pc=0x000001c684d9e42f sp=0x0000008febffe3d0 mode 2

Classes unloaded (0 events):
No events

Classes redefined (0 events):
No events

Internal exceptions (20 events):
Event: 302.547 Thread 0x000001c6a7ead040 Exception <a 'java/lang/ClassNotFoundException'{0x0000000705788d98}: org/springframework/beans/factory/InitializingBeanCustomizer> (0x0000000705788d98) 
thrown [./open/src/hotspot/share/classfile/systemDictionary.cpp, line 295]
Event: 302.547 Thread 0x000001c6a7ead040 Exception <a 'java/lang/ClassNotFoundException'{0x000000070578e308}: org/springframework/data/repository/core/support/RepositoryFactoryInformationCustomizer> (0x000000070578e308) 
thrown [./open/src/hotspot/share/classfile/systemDictionary.cpp, line 295]
Event: 302.548 Thread 0x000001c6a7ead040 Exception <a 'java/lang/ClassNotFoundException'{0x0000000705798d18}: org/springframework/beans/factory/FactoryBeanCustomizer> (0x0000000705798d18) 
thrown [./open/src/hotspot/share/classfile/systemDictionary.cpp, line 295]
Event: 302.549 Thread 0x000001c6a7ead040 Exception <a 'java/lang/ClassNotFoundException'{0x00000007057a1260}: org/springframework/beans/factory/BeanClassLoaderAwareCustomizer> (0x00000007057a1260) 
thrown [./open/src/hotspot/share/classfile/systemDictionary.cpp, line 295]
Event: 302.549 Thread 0x000001c6a7ead040 Exception <a 'java/lang/ClassNotFoundException'{0x00000007057a6108}: org/springframework/beans/factory/AwareCustomizer> (0x00000007057a6108) 
thrown [./open/src/hotspot/share/classfile/systemDictionary.cpp, line 295]
Event: 302.549 Thread 0x000001c6a7ead040 Exception <a 'java/lang/ClassNotFoundException'{0x00000007057aa340}: org/springframework/beans/factory/BeanFactoryAwareCustomizer> (0x00000007057aa340) 
thrown [./open/src/hotspot/share/classfile/systemDictionary.cpp, line 295]
Event: 302.549 Thread 0x000001c6a7ead040 Exception <a 'java/lang/ClassNotFoundException'{0x00000007057afb88}: org/springframework/beans/factory/AwareCustomizer> (0x00000007057afb88) 
thrown [./open/src/hotspot/share/classfile/systemDictionary.cpp, line 295]
Event: 302.550 Thread 0x000001c6a7ead040 Exception <a 'java/lang/ClassNotFoundException'{0x00000007057b3f78}: org/springframework/context/ApplicationEventPublisherAwareCustomizer> (0x00000007057b3f78) 
thrown [./open/src/hotspot/share/classfile/systemDictionary.cpp, line 295]
Event: 302.550 Thread 0x000001c6a7ead040 Exception <a 'java/lang/ClassNotFoundException'{0x00000007057b9558}: org/springframework/beans/factory/AwareCustomizer> (0x00000007057b9558) 
thrown [./open/src/hotspot/share/classfile/systemDictionary.cpp, line 295]
Event: 302.554 Thread 0x000001c6a7ead040 Exception <a 'java/lang/ClassNotFoundException'{0x00000007057e0db0}: java/lang/ObjectCustomizer> (0x00000007057e0db0) 
thrown [./open/src/hotspot/share/classfile/systemDictionary.cpp, line 295]
Event: 302.554 Thread 0x000001c6a7ead040 Exception <a 'java/lang/ClassNotFoundException'{0x00000007057e8738}: org/springframework/core/io/support/PropertiesLoaderSupportCustomizer> (0x00000007057e8738) 
thrown [./open/src/hotspot/share/classfile/systemDictionary.cpp, line 295]
Event: 302.555 Thread 0x000001c6a7ead040 Exception <a 'java/lang/ClassNotFoundException'{0x00000007057f5338}: org/springframework/beans/factory/config/PropertiesFactoryBeanCustomizer> (0x00000007057f5338) 
thrown [./open/src/hotspot/share/classfile/systemDictionary.cpp, line 295]
Event: 302.558 Thread 0x000001c6a7ead040 Exception <a 'java/lang/ClassNotFoundException'{0x0000000707a47588}: org/springframework/beans/factory/FactoryBeanCustomizer> (0x0000000707a47588) 
thrown [./open/src/hotspot/share/classfile/systemDictionary.cpp, line 295]
Event: 302.559 Thread 0x000001c6a7ead040 Exception <a 'java/lang/ClassNotFoundException'{0x0000000707a4e1d0}: org/springframework/beans/factory/InitializingBeanCustomizer> (0x0000000707a4e1d0) 
thrown [./open/src/hotspot/share/classfile/systemDictionary.cpp, line 295]
Event: 302.595 Thread 0x000001c6a7ead040 Exception <a 'java/lang/NoSuchMethodError'{0x00000007078f9200}: 'java.lang.Object java.lang.invoke.DirectMethodHandle$Holder.invokeSpecialIFC(java.lang.Object, java.lang.Object, java.lang.Object)'> (0x00000007078f9200) 
thrown [./open/src/hotspot/share/interpreter/linkResolver.cpp, line 782]
Event: 302.643 Thread 0x000001c6a7ead040 Exception <a 'java/lang/ClassNotFoundException'{0x00000007077b5dc8}: java/lang/ObjectCustomizer> (0x00000007077b5dc8) 
thrown [./open/src/hotspot/share/classfile/systemDictionary.cpp, line 295]
Event: 302.643 Thread 0x000001c6a7ead040 Exception <a 'java/lang/ClassNotFoundException'{0x00000007077bec70}: za/co/iherridge0/microservices/currencyexchangeservice/entity/ExchangeValueCustomizer> (0x00000007077bec70) 
thrown [./open/src/hotspot/share/classfile/systemDictionary.cpp, line 295]
Event: 302.657 Thread 0x000001c6a7ead040 Exception <a 'java/lang/NoSuchMethodError'{0x00000007074aa768}: 'int java.lang.invoke.DirectMethodHandle$Holder.invokeVirtual(java.lang.Object, java.lang.Object, java.lang.Object)'> (0x00000007074aa768) 
thrown [./open/src/hotspot/share/interpreter/linkResolver.cpp, line 782]
Event: 302.674 Thread 0x000001c6a7ead040 Exception <a 'java/lang/IncompatibleClassChangeError'{0x00000007075a1168}: Found class java.lang.Object, but interface was expected> (0x00000007075a1168) 
thrown [./open/src/hotspot/share/interpreter/linkResolver.cpp, line 848]
Event: 372.925 Thread 0x000001c6a7ea74d0 Exception <a 'java/lang/InterruptedException'{0x00000007064b90b0}: sleep interrupted> (0x00000007064b90b0) 
thrown [./open/src/hotspot/share/prims/jvm.cpp, line 3278]

Events (20 events):
Event: 372.924 Thread 0x000001c6a1c77bc0 Thread exited: 0x000001c6a1c77bc0
Event: 372.924 Thread 0x000001c6a7eaa020 Thread exited: 0x000001c6a7eaa020
Event: 372.924 Thread 0x000001c6a7eac6a0 Thread exited: 0x000001c6a7eac6a0
Event: 372.924 Thread 0x000001c6a7ea9680 Thread exited: 0x000001c6a7ea9680
Event: 372.924 Thread 0x000001c6a7eaa4f0 Thread exited: 0x000001c6a7eaa4f0
Event: 372.924 Thread 0x000001c6a7ea7000 Thread exited: 0x000001c6a7ea7000
Event: 372.924 Thread 0x000001c6a7eab360 Thread exited: 0x000001c6a7eab360
Event: 372.924 Thread 0x000001c6a7ea8ce0 Thread exited: 0x000001c6a7ea8ce0
Event: 372.924 Thread 0x000001c6a7ea91b0 Thread exited: 0x000001c6a7ea91b0
Event: 372.924 Thread 0x000001c6a7ea7e70 Thread exited: 0x000001c6a7ea7e70
Event: 372.925 Thread 0x000001c6a7eaae90 Thread exited: 0x000001c6a7eaae90
Event: 372.925 Thread 0x000001c6a7eacb70 Thread exited: 0x000001c6a7eacb70
Event: 372.925 Thread 0x000001c6a7ea74d0 Thread exited: 0x000001c6a7ea74d0
Event: 372.926 Thread 0x000001c6a7ea79a0 Thread exited: 0x000001c6a7ea79a0
Event: 372.926 Thread 0x000001c6a7eadeb0 Thread exited: 0x000001c6a7eadeb0
Event: 372.926 Thread 0x000001c6a7eabd00 Thread exited: 0x000001c6a7eabd00
Event: 373.147 Thread 0x000001c6a1c77bc0 Thread added: 0x000001c6a1c77bc0
Event: 373.148 Thread 0x000001c6a7ead510 Thread exited: 0x000001c6a7ead510
Event: 373.148 Thread 0x000001c6a1c77bc0 Thread exited: 0x000001c6a1c77bc0
Event: 373.150 Executing VM operation: G1CollectFull


Dynamic libraries:
0x00007ff676810000 - 0x00007ff67681d000 	C:\work\sts-4.8.1.RELEASE\plugins\org.eclipse.justj.openjdk.hotspot.jre.full.win32.x86_64_15.0.0.v20201014-1246\jre\bin\javaw.exe
0x00007ffa7cdf0000 - 0x00007ffa7cfe6000 	C:\WINDOWS\SYSTEM32\ntdll.dll
0x00007ffa7c090000 - 0x00007ffa7c14d000 	C:\WINDOWS\System32\KERNEL32.DLL
0x00007ffa7a970000 - 0x00007ffa7ac39000 	C:\WINDOWS\System32\KERNELBASE.dll
0x00007ffa7a560000 - 0x00007ffa7a660000 	C:\WINDOWS\System32\ucrtbase.dll
0x00007ffa3ca70000 - 0x00007ffa3ca88000 	C:\work\sts-4.8.1.RELEASE\plugins\org.eclipse.justj.openjdk.hotspot.jre.full.win32.x86_64_15.0.0.v20201014-1246\jre\bin\jli.dll
0x00007ffa393b0000 - 0x00007ffa393c9000 	C:\work\sts-4.8.1.RELEASE\plugins\org.eclipse.justj.openjdk.hotspot.jre.full.win32.x86_64_15.0.0.v20201014-1246\jre\bin\VCRUNTIME140.dll
0x00007ffa7c150000 - 0x00007ffa7c2f0000 	C:\WINDOWS\System32\USER32.dll
0x00007ffa79810000 - 0x00007ffa79aab000 	C:\WINDOWS\WinSxS\amd64_microsoft.windows.common-controls_6595b64144ccf1df_6.0.19041.488_none_ca04af081b815d21\COMCTL32.dll
0x00007ffa7a500000 - 0x00007ffa7a522000 	C:\WINDOWS\System32\win32u.dll
0x00007ffa7c4d0000 - 0x00007ffa7c56e000 	C:\WINDOWS\System32\msvcrt.dll
0x00007ffa7c440000 - 0x00007ffa7c46a000 	C:\WINDOWS\System32\GDI32.dll
0x00007ffa7a700000 - 0x00007ffa7a809000 	C:\WINDOWS\System32\gdi32full.dll
0x00007ffa7a660000 - 0x00007ffa7a6fd000 	C:\WINDOWS\System32\msvcp_win.dll
0x00007ffa7b5f0000 - 0x00007ffa7b620000 	C:\WINDOWS\System32\IMM32.DLL
0x00007ffa752e0000 - 0x00007ffa752ec000 	C:\work\sts-4.8.1.RELEASE\plugins\org.eclipse.justj.openjdk.hotspot.jre.full.win32.x86_64_15.0.0.v20201014-1246\jre\bin\vcruntime140_1.dll
0x00007ffa283f0000 - 0x00007ffa28481000 	C:\work\sts-4.8.1.RELEASE\plugins\org.eclipse.justj.openjdk.hotspot.jre.full.win32.x86_64_15.0.0.v20201014-1246\jre\bin\msvcp140.dll
0x00007ffa30000000 - 0x00007ffa30b5c000 	C:\work\sts-4.8.1.RELEASE\plugins\org.eclipse.justj.openjdk.hotspot.jre.full.win32.x86_64_15.0.0.v20201014-1246\jre\bin\server\jvm.dll
0x00007ffa7bfe0000 - 0x00007ffa7c08c000 	C:\WINDOWS\System32\ADVAPI32.dll
0x00007ffa7b830000 - 0x00007ffa7b8cc000 	C:\WINDOWS\System32\sechost.dll
0x00007ffa7c570000 - 0x00007ffa7c69b000 	C:\WINDOWS\System32\RPCRT4.dll
0x00007ffa7cb90000 - 0x00007ffa7cb98000 	C:\WINDOWS\System32\PSAPI.DLL
0x00007ffa62510000 - 0x00007ffa62519000 	C:\WINDOWS\SYSTEM32\WSOCK32.dll
0x00007ffa5c770000 - 0x00007ffa5c797000 	C:\WINDOWS\SYSTEM32\WINMM.dll
0x00007ffa7cc30000 - 0x00007ffa7cc9b000 	C:\WINDOWS\System32\WS2_32.dll
0x00007ffa724c0000 - 0x00007ffa724ca000 	C:\WINDOWS\SYSTEM32\VERSION.dll
0x00007ffa77760000 - 0x00007ffa77772000 	C:\WINDOWS\SYSTEM32\kernel.appcore.dll
0x00007ffa79f60000 - 0x00007ffa79f6a000 	C:\work\sts-4.8.1.RELEASE\plugins\org.eclipse.justj.openjdk.hotspot.jre.full.win32.x86_64_15.0.0.v20201014-1246\jre\bin\jimage.dll
0x00007ffa79bc0000 - 0x00007ffa79da4000 	C:\WINDOWS\SYSTEM32\DBGHELP.DLL
0x00007ffa79b90000 - 0x00007ffa79bbc000 	C:\WINDOWS\SYSTEM32\dbgcore.DLL
0x00007ffa7ada0000 - 0x00007ffa7ae20000 	C:\WINDOWS\System32\bcryptPrimitives.dll
0x00007ffa49cd0000 - 0x00007ffa49cf5000 	C:\work\sts-4.8.1.RELEASE\plugins\org.eclipse.justj.openjdk.hotspot.jre.full.win32.x86_64_15.0.0.v20201014-1246\jre\bin\java.dll
0x00007ffa74230000 - 0x00007ffa74248000 	C:\work\sts-4.8.1.RELEASE\plugins\org.eclipse.justj.openjdk.hotspot.jre.full.win32.x86_64_15.0.0.v20201014-1246\jre\bin\zip.dll
0x00007ffa7ae20000 - 0x00007ffa7b562000 	C:\WINDOWS\System32\SHELL32.dll
0x00007ffa77960000 - 0x00007ffa780f5000 	C:\WINDOWS\SYSTEM32\windows.storage.dll
0x00007ffa7c7d0000 - 0x00007ffa7cb26000 	C:\WINDOWS\System32\combase.dll
0x00007ffa79770000 - 0x00007ffa7979c000 	C:\WINDOWS\SYSTEM32\Wldp.dll
0x00007ffa7ba00000 - 0x00007ffa7baae000 	C:\WINDOWS\System32\SHCORE.dll
0x00007ffa7c470000 - 0x00007ffa7c4c5000 	C:\WINDOWS\System32\shlwapi.dll
0x00007ffa7a430000 - 0x00007ffa7a456000 	C:\WINDOWS\SYSTEM32\profapi.dll
0x00007ffa6d040000 - 0x00007ffa6d059000 	C:\work\sts-4.8.1.RELEASE\plugins\org.eclipse.justj.openjdk.hotspot.jre.full.win32.x86_64_15.0.0.v20201014-1246\jre\bin\net.dll
0x00007ffa72770000 - 0x00007ffa72870000 	C:\WINDOWS\SYSTEM32\WINHTTP.dll
0x00007ffa796a0000 - 0x00007ffa7970a000 	C:\WINDOWS\system32\mswsock.dll
0x00007ffa61040000 - 0x00007ffa61052000 	C:\work\sts-4.8.1.RELEASE\plugins\org.eclipse.justj.openjdk.hotspot.jre.full.win32.x86_64_15.0.0.v20201014-1246\jre\bin\nio.dll
0x00007ffa78740000 - 0x00007ffa78750000 	C:\work\sts-4.8.1.RELEASE\plugins\org.eclipse.justj.openjdk.hotspot.jre.full.win32.x86_64_15.0.0.v20201014-1246\jre\bin\verify.dll
0x00007ffa6f8d0000 - 0x00007ffa6f8d9000 	C:\work\sts-4.8.1.RELEASE\plugins\org.eclipse.justj.openjdk.hotspot.jre.full.win32.x86_64_15.0.0.v20201014-1246\jre\bin\management.dll
0x00007ffa6d230000 - 0x00007ffa6d23b000 	C:\work\sts-4.8.1.RELEASE\plugins\org.eclipse.justj.openjdk.hotspot.jre.full.win32.x86_64_15.0.0.v20201014-1246\jre\bin\management_ext.dll
0x00007ffa79640000 - 0x00007ffa7967b000 	C:\WINDOWS\SYSTEM32\IPHLPAPI.DLL
0x00007ffa7c7c0000 - 0x00007ffa7c7c8000 	C:\WINDOWS\System32\NSI.dll
0x00007ffa73030000 - 0x00007ffa73047000 	C:\WINDOWS\SYSTEM32\dhcpcsvc6.DLL
0x00007ffa73010000 - 0x00007ffa7302d000 	C:\WINDOWS\SYSTEM32\dhcpcsvc.DLL
0x00007ffa79250000 - 0x00007ffa7931b000 	C:\WINDOWS\SYSTEM32\DNSAPI.dll
0x00007ffa63c90000 - 0x00007ffa63ca7000 	C:\WINDOWS\system32\napinsp.dll
0x00007ffa63d00000 - 0x00007ffa63d1b000 	C:\WINDOWS\system32\pnrpnsp.dll
0x00007ffa63ce0000 - 0x00007ffa63cf5000 	C:\WINDOWS\system32\wshbth.dll
0x00007ffa750c0000 - 0x00007ffa750dd000 	C:\WINDOWS\system32\NLAapi.dll
0x00007ffa63cc0000 - 0x00007ffa63cd2000 	C:\WINDOWS\System32\winrnr.dll
0x00007ffa6bc30000 - 0x00007ffa6bc3a000 	C:\Windows\System32\rasadhlp.dll
0x00007ffa72310000 - 0x00007ffa7238f000 	C:\WINDOWS\System32\fwpuclnt.dll
0x00007ffa7a530000 - 0x00007ffa7a557000 	C:\WINDOWS\System32\bcrypt.dll
0x00007ffa7a1c0000 - 0x00007ffa7a1d8000 	C:\WINDOWS\SYSTEM32\CRYPTSP.dll
0x00007ffa78f10000 - 0x00007ffa78f44000 	C:\WINDOWS\system32\rsaenh.dll
0x00007ffa7a3f0000 - 0x00007ffa7a41e000 	C:\WINDOWS\SYSTEM32\USERENV.dll
0x00007ffa79730000 - 0x00007ffa7973c000 	C:\WINDOWS\SYSTEM32\CRYPTBASE.dll

dbghelp: loaded successfully - version: 4.0.5 - missing functions: none
symbol engine: initialized successfully - sym options: 0x614 - pdb path: .;C:\work\sts-4.8.1.RELEASE\plugins\org.eclipse.justj.openjdk.hotspot.jre.full.win32.x86_64_15.0.0.v20201014-1246\jre\bin;C:\WINDOWS\SYSTEM32;C:\WINDOWS\WinSxS\amd64_microsoft.windows.common-controls_6595b64144ccf1df_6.0.19041.488_none_ca04af081b815d21;C:\work\sts-4.8.1.RELEASE\plugins\org.eclipse.justj.openjdk.hotspot.jre.full.win32.x86_64_15.0.0.v20201014-1246\jre\bin\server

VM Arguments:
jvm_args: -Dfile.encoding=UTF-8 -XX:+ShowCodeDetailsInExceptionMessages 
java_command: za.co.iherridge0.microservices.currencyexchangeservice.CurrencyExchangeServiceApplication
java_class_path (initial): C:\work\source\spring-cloud\currency-exchange-service\target\classes;C:\Users\irwin\.m2\repository\org\springframework\boot\spring-boot-starter-actuator\2.3.7.RELEASE\spring-boot-starter-actuator-2.3.7.RELEASE.jar;C:\Users\irwin\.m2\repository\org\springframework\boot\spring-boot-starter\2.3.7.RELEASE\spring-boot-starter-2.3.7.RELEASE.jar;C:\Users\irwin\.m2\repository\org\springframework\boot\spring-boot-starter-logging\2.3.7.RELEASE\spring-boot-starter-logging-2.3.7.RELEASE.jar;C:\Users\irwin\.m2\repository\ch\qos\logback\logback-classic\1.2.3\logback-classic-1.2.3.jar;C:\Users\irwin\.m2\repository\ch\qos\logback\logback-core\1.2.3\logback-core-1.2.3.jar;C:\Users\irwin\.m2\repository\org\apache\logging\log4j\log4j-to-slf4j\2.13.3\log4j-to-slf4j-2.13.3.jar;C:\Users\irwin\.m2\repository\org\apache\logging\log4j\log4j-api\2.13.3\log4j-api-2.13.3.jar;C:\Users\irwin\.m2\repository\org\slf4j\jul-to-slf4j\1.7.30\jul-to-slf4j-1.7.30.jar;C:\Users\irwin\.m2\repository\jakarta\annotation\jakarta.annotation-api\1.3.5\jakarta.annotation-api-1.3.5.jar;C:\Users\irwin\.m2\repository\org\yaml\snakeyaml\1.26\snakeyaml-1.26.jar;C:\Users\irwin\.m2\repository\org\springframework\boot\spring-boot-actuator-autoconfigure\2.3.7.RELEASE\spring-boot-actuator-autoconfigure-2.3.7.RELEASE.jar;C:\Users\irwin\.m2\repository\org\springframework\boot\spring-boot-actuator\2.3.7.RELEASE\spring-boot-actuator-2.3.7.RELEASE.jar;C:\Users\irwin\.m2\repository\com\fasterxml\jackson\datatype\jackson-datatype-jsr310\2.11.3\jackson-datatype-jsr310-2.11.3.jar;C:\Users\irwin\.m2\repository\io\micrometer\micrometer-core\1.5.9\micrometer-core-1.5.9.jar;C:\Users\irwin\.m2\repository\org\hdrhistogram\HdrHistogram\2.1.12\HdrHistogram-2.1.12.jar;C:\Users\irwin\.m2\repository\org\latencyutils\LatencyUtils\2.0.3\LatencyUtils-2.0.3.jar;C:\Users\irwin\.m2\repository\org\springframework\boot\spring-boot-starter-web\2.3.7.RELEASE\spring-boot-starter-web-2.3.7.RELEASE.jar;C:\Users\irwin\.m2\repo
Launcher Type: SUN_STANDARD

[Global flags]
     intx CICompilerCount                          = 4                                         {product} {ergonomic}
     uint ConcGCThreads                            = 2                                         {product} {ergonomic}
     uint G1ConcRefinementThreads                  = 8                                         {product} {ergonomic}
   size_t G1HeapRegionSize                         = 2097152                                   {product} {ergonomic}
    uintx GCDrainStackTargetSize                   = 64                                        {product} {ergonomic}
   size_t InitialHeapSize                          = 268435456                                 {product} {ergonomic}
   size_t MarkStackSize                            = 4194304                                   {product} {ergonomic}
   size_t MaxHeapSize                              = 4263510016                                {product} {ergonomic}
   size_t MaxNewSize                               = 2556428288                                {product} {ergonomic}
   size_t MinHeapDeltaBytes                        = 2097152                                   {product} {ergonomic}
   size_t MinHeapSize                              = 8388608                                   {product} {ergonomic}
    uintx NonNMethodCodeHeapSize                   = 5839372                                {pd product} {ergonomic}
    uintx NonProfiledCodeHeapSize                  = 122909434                              {pd product} {ergonomic}
    uintx ProfiledCodeHeapSize                     = 122909434                              {pd product} {ergonomic}
    uintx ReservedCodeCacheSize                    = 251658240                              {pd product} {ergonomic}
     bool SegmentedCodeCache                       = true                                      {product} {ergonomic}
     bool ShowCodeDetailsInExceptionMessages       = true                                   {manageable} {command line}
   size_t SoftMaxHeapSize                          = 4263510016                             {manageable} {ergonomic}
     bool UseCompressedClassPointers               = true                                 {lp64_product} {ergonomic}
     bool UseCompressedOops                        = true                                 {lp64_product} {ergonomic}
     bool UseG1GC                                  = true                                      {product} {ergonomic}
     bool UseLargePagesIndividualAllocation        = false                                  {pd product} {ergonomic}

Logging:
Log output configuration:
 #0: stdout all=warning uptime,level,tags
 #1: stderr all=off uptime,level,tags

Environment Variables:
JAVA_HOME=C:\Program Files\Java\jdk1.8.0_261
PATH=C:/work/sts-4.8.1.RELEASE//plugins/org.eclipse.justj.openjdk.hotspot.jre.full.win32.x86_64_15.0.0.v20201014-1246/jre/bin/server;C:/work/sts-4.8.1.RELEASE//plugins/org.eclipse.justj.openjdk.hotspot.jre.full.win32.x86_64_15.0.0.v20201014-1246/jre/bin;C:\Program Files (x86)\Common Files\Oracle\Java\javapath;C:\WINDOWS\system32;C:\WINDOWS;C:\WINDOWS\System32\Wbem;C:\WINDOWS\System32\WindowsPowerShell\v1.0\;C:\WINDOWS\System32\OpenSSH\;C:\Program Files\Java\jdk1.8.0_261\bin;C:\Users\irwin\AppData\Local\Android\Sdk;C:\Users\irwin\AppData\Local\Android\Sdk\tools;C:\Users\irwin\AppData\Local\Android;C:\Users\irwin\AppData\Local\Android\Sdk\platform-tools;C:\Program Files\PowerShell\7-preview\preview;C:\Program Files\nodejs\;C:\Program Files\nodejs\node_modules\npm\bin;C:\apache-maven-3.6.3\bin;C:\Program Files\Apache Software Foundation\Tomcat 7.0;C:\Program Files\Git\cmd;C:\Program Files\PuTTY\;C:\Program Files\Docker\Docker\resources\bin;C:\ProgramData\DockerDesktop\version-bin;C:\Program Files\MySQL\MySQL Shell 8.0\bin\;C:\Users\irwin\AppData\Local\Microsoft\WindowsApps;C:\Users\irwin\AppData\Roaming\npm;C:\Users\irwin\AppData\Local\Programs\Microsoft VS Code\bin;C:\Users\irwin\AppData\Local\atom\bin;C:\work\sts-4.8.1.RELEASE;
USERNAME=irwin
OS=Windows_NT
PROCESSOR_IDENTIFIER=Intel64 Family 6 Model 60 Stepping 3, GenuineIntel



---------------  S Y S T E M  ---------------

OS:
 Windows 10 , 64 bit Build 19041 (10.0.19041.662)
OS uptime: 0 days 3:38 hours
HyperV virtualization detected

CPU: total 8 (initial active 8) (4 cores per cpu, 2 threads per core) family 6 model 60 stepping 3, cmov, cx8, fxsr, mmx, sse, sse2, sse3, ssse3, sse4.1, sse4.2, popcnt, vzeroupper, avx, avx2, aes, clmul, erms, lzcnt, ht, tsc, tscinvbit, bmi1, bmi2, fma, clflush

Memory: 4k page, system-wide physical 16256M (7745M free)
TotalPageFile size 21256M (AvailPageFile size 10682M)
current process WorkingSet (physical memory assigned to process): 272M, peak: 333M
current process commit charge ("private bytes"): 324M, peak: 414M

vm_info: OpenJDK 64-Bit Server VM (15+36-1562) for windows-amd64 JRE (15+36-1562), built on Aug 11 2020 22:33:04 by "mach5one" with unknown MS VC++:1925

END.
